<?xml version="1.0" encoding="UTF-8"?>
<!-- Generated by org.testng.reporters.JUnitReportReporter -->
<testsuite skipped="0" hostname="LAPTOP-O8D1T5RF" name="com.demo.Base" tests="1" failures="0" timestamp="10 Mar 2020 06:03:28 GMT" time="10.729" errors="0">
  <testcase name="m1" time="10.729" classname="com.demo.Base"/>
</testsuite> <!-- com.demo.Base -->
